<?xml version="1.0" encoding="UTF-8"?>
<testsuite name="C:/Users/AKASH KULKARNI/IdeaProjects/APIRestAssuredAutomationATB5X/src/test/java/org/example/CRUD/Post/FirstPostRequest.java"
           tests="1"
           failures="0"
           errors="0"
           skipped="0"
           time="9.204">
    <properties></properties>



            <testcase
                name="FirstPost"
                time="9.204"
                classname="org.example.CRUD.Post.FirstPostRequest">
            </testcase>
</testsuite>
