<?xml version="1.0" encoding="UTF-8"?>
<testsuite name="APIRestAssuredAutomationATB5X"
           tests="3"
           failures="0"
           errors="0"
           skipped="0"
           time="0.004">
    <properties></properties>



            <testcase
                name="firstTestCase"
                time="0.001"
                classname="org.example.allaboutTestNGBasics.Test">
            </testcase>
            <testcase
                name="SecondTestCase"
                time="0.000"
                classname="org.example.allaboutTestNGBasics.Test">
            </testcase>
            <testcase
                name="FirstTestCase"
                time="0.003"
                classname="org.example.allaboutTestNGBasics.Test">
            </testcase>
</testsuite>
